<?xml version="1.0" encoding="UTF-8"?>
<!-- Generated by org.testng.reporters.JUnitXMLReporter -->
<testsuite ignored="1" hostname="Mirouflyers-MBP" failures="0" tests="12" name="Different  testing Feauture Test" time="0.031" errors="0" timestamp="19 Jul 2019 19:34:45 GMT">
  <testcase classname="testNgtutorial.ExceptionTimeOutTest" name="test1" time="0.003"/>
  <testcase classname="testNgtutorial.TestNgFeature" name="loginTest" time="0.001"/>
  <testcase classname="testNgtutorial.InvocationCountTest" name="sum" time="0.0"/>
  <testcase classname="testNgtutorial.InvocationCountTest" name="sum" time="0.0"/>
  <testcase classname="testNgtutorial.InvocationCountTest" name="sum" time="0.001"/>
  <testcase classname="testNgtutorial.InvocationCountTest" name="sum" time="0.001"/>
  <testcase classname="testNgtutorial.InvocationCountTest" name="sum" time="0.0"/>
  <testcase classname="testNgtutorial.InvocationCountTest" name="sum" time="0.001"/>
  <testcase classname="testNgtutorial.InvocationCountTest" name="sum" time="0.001"/>
  <testcase classname="testNgtutorial.InvocationCountTest" name="sum" time="0.0"/>
  <testcase classname="testNgtutorial.InvocationCountTest" name="sum" time="0.001"/>
  <testcase classname="testNgtutorial.InvocationCountTest" name="sum" time="0.001"/>
  <testcase classname="testNgtutorial.ExceptionTimeOutTest" name="infinitLoopTest" time="0.0">
    <ignored/>
  </testcase> <!-- infinitLoopTest -->
</testsuite> <!-- Different  testing Feauture Test -->
