<?xml version="1.0" encoding="UTF-8"?>
<testng-results ignored="0" total="1" passed="1" failed="0" skipped="0">
  <reporter-output>
  </reporter-output>
  <suite started-at="2019-07-24T16:07:35Z" name="Yahoo WebApp Test Automation Suite" finished-at="2019-07-24T16:07:50Z" duration-ms="15722">
    <groups>
    </groups>
    <test started-at="2019-07-24T16:07:35Z" name="Yahoo WebApp Test" finished-at="2019-07-24T16:07:50Z" duration-ms="15722">
      <class name="testNGParameters.ParameterTest">
        <test-method signature="yahooLoginTest(java.lang.String, java.lang.String, java.lang.String, java.lang.String)[pri:0, instance:testNGParameters.ParameterTest@1ce24091]" started-at="2019-07-24T16:07:35Z" name="yahooLoginTest" finished-at="2019-07-24T16:07:50Z" duration-ms="15705" status="PASS">
          <params>
            <param index="0">
              <value>
                <![CDATA[QA]]>
              </value>
            </param>
            <param index="1">
              <value>
                <![CDATA[firefox]]>
              </value>
            </param>
            <param index="2">
              <value>
                <![CDATA[https://login.yahoo.com]]>
              </value>
            </param>
            <param index="3">
              <value>
                <![CDATA[samir_aitouarab@yahoo.fr]]>
              </value>
            </param>
          </params>
          <reporter-output>
          </reporter-output>
        </test-method> <!-- yahooLoginTest -->
      </class> <!-- testNGParameters.ParameterTest -->
    </test> <!-- Yahoo WebApp Test -->
  </suite> <!-- Yahoo WebApp Test Automation Suite -->
</testng-results>
